<?xml version="1.0" encoding="UTF-8"?>
<coverage generated="1557601141898" clover="3.2.0">
  <project timestamp="1557601141898" name="All files">
    <metrics statements="85" coveredstatements="79" conditionals="32" coveredconditionals="27" methods="27" coveredmethods="23" elements="144" coveredelements="129" complexity="0" loc="85" ncloc="85" packages="1" files="4" classes="4"/>
    <file name="GraphTraverser.js" path="/Users/MikeBrits/Dev/PurpleInterview/src/GraphTraverser.js">
      <metrics statements="22" coveredstatements="21" conditionals="10" coveredconditionals="9" methods="4" coveredmethods="4"/>
      <line num="4" count="4" type="cond" truecount="2" falsecount="0"/>
      <line num="5" count="4" type="stmt"/>
      <line num="6" count="4" type="stmt"/>
      <line num="7" count="4" type="stmt"/>
      <line num="12" count="4" type="stmt"/>
      <line num="13" count="4" type="stmt"/>
      <line num="15" count="4" type="stmt"/>
      <line num="17" count="11" type="stmt"/>
      <line num="21" count="11" type="stmt"/>
      <line num="24" count="15" type="stmt"/>
      <line num="26" count="11" type="stmt"/>
      <line num="29" count="4" type="stmt"/>
      <line num="33" count="4" type="cond" truecount="2" falsecount="0"/>
      <line num="34" count="30" type="stmt"/>
      <line num="35" count="19" type="cond" truecount="2" falsecount="0"/>
      <line num="38" count="11" type="stmt"/>
      <line num="41" count="30" type="stmt"/>
      <line num="45" count="30" type="stmt"/>
      <line num="46" count="30" type="stmt"/>
      <line num="51" count="4" type="cond" truecount="3" falsecount="1"/>
      <line num="52" count="0" type="stmt"/>
      <line num="54" count="4" type="stmt"/>
    </file>
    <file name="Worker.js" path="/Users/MikeBrits/Dev/PurpleInterview/src/Worker.js">
      <metrics statements="15" coveredstatements="15" conditionals="6" coveredconditionals="6" methods="4" coveredmethods="4"/>
      <line num="4" count="32" type="stmt"/>
      <line num="5" count="32" type="stmt"/>
      <line num="9" count="32" type="stmt"/>
      <line num="10" count="32" type="stmt"/>
      <line num="13" count="32" type="stmt"/>
      <line num="14" count="17" type="stmt"/>
      <line num="15" count="17" type="stmt"/>
      <line num="16" count="17" type="stmt"/>
      <line num="19" count="32" type="stmt"/>
      <line num="20" count="168" type="cond" truecount="2" falsecount="0"/>
      <line num="21" count="158" type="stmt"/>
      <line num="22" count="158" type="cond" truecount="2" falsecount="0"/>
      <line num="23" count="13" type="stmt"/>
      <line num="24" count="13" type="stmt"/>
      <line num="28" count="10" type="stmt"/>
    </file>
    <file name="WorkerManager.js" path="/Users/MikeBrits/Dev/PurpleInterview/src/WorkerManager.js">
      <metrics statements="17" coveredstatements="17" conditionals="5" coveredconditionals="3" methods="8" coveredmethods="7"/>
      <line num="4" count="10" type="stmt"/>
      <line num="5" count="10" type="stmt"/>
      <line num="9" count="10" type="stmt"/>
      <line num="10" count="31" type="stmt"/>
      <line num="14" count="10" type="stmt"/>
      <line num="15" count="101" type="stmt"/>
      <line num="18" count="10" type="stmt"/>
      <line num="19" count="106" type="stmt"/>
      <line num="20" count="91" type="stmt"/>
      <line num="23" count="10" type="stmt"/>
      <line num="24" count="25" type="stmt"/>
      <line num="25" count="25" type="cond" truecount="2" falsecount="0"/>
      <line num="26" count="16" type="stmt"/>
      <line num="27" count="16" type="stmt"/>
      <line num="29" count="9" type="stmt"/>
      <line num="32" count="10" type="stmt"/>
      <line num="33" count="20" type="stmt"/>
    </file>
    <file name="functions.js" path="/Users/MikeBrits/Dev/PurpleInterview/src/functions.js">
      <metrics statements="31" coveredstatements="26" conditionals="11" coveredconditionals="9" methods="11" coveredmethods="8"/>
      <line num="4" count="4" type="stmt"/>
      <line num="5" count="0" type="stmt"/>
      <line num="6" count="0" type="stmt"/>
      <line num="7" count="0" type="cond" truecount="0" falsecount="2"/>
      <line num="8" count="0" type="stmt"/>
      <line num="10" count="0" type="stmt"/>
      <line num="16" count="4" type="stmt"/>
      <line num="17" count="1" type="stmt"/>
      <line num="18" count="1" type="stmt"/>
      <line num="19" count="1" type="stmt"/>
      <line num="22" count="4" type="stmt"/>
      <line num="23" count="6" type="stmt"/>
      <line num="26" count="6" type="stmt"/>
      <line num="34" count="6" type="stmt"/>
      <line num="37" count="6" type="stmt"/>
      <line num="41" count="22" type="cond" truecount="2" falsecount="0"/>
      <line num="43" count="22" type="cond" truecount="2" falsecount="0"/>
      <line num="44" count="12" type="stmt"/>
      <line num="46" count="10" type="stmt"/>
      <line num="52" count="22" type="cond" truecount="2" falsecount="0"/>
      <line num="53" count="22" type="cond" truecount="2" falsecount="0"/>
      <line num="60" count="6" type="stmt"/>
      <line num="63" count="4" type="stmt"/>
      <line num="65" count="36" type="stmt"/>
      <line num="66" count="71" type="stmt"/>
      <line num="71" count="4" type="stmt"/>
      <line num="73" count="7" type="stmt"/>
      <line num="75" count="24" type="stmt"/>
      <line num="80" count="24" type="stmt"/>
      <line num="83" count="7" type="stmt"/>
      <line num="86" count="81" type="cond" truecount="1" falsecount="0"/>
    </file>
  </project>
</coverage>
