<?xml version="1.0" encoding="UTF-8"?>
<coverage generated="1557604056319" clover="3.2.0">
  <project timestamp="1557604056319" name="All files">
    <metrics statements="79" coveredstatements="79" conditionals="29" coveredconditionals="26" methods="23" coveredmethods="23" elements="131" coveredelements="128" complexity="0" loc="79" ncloc="79" packages="1" files="4" classes="4"/>
    <file name="GraphTraverser.js" path="/Users/MikeBrits/Dev/PurpleInterview/src/GraphTraverser.js">
      <metrics statements="22" coveredstatements="22" conditionals="10" coveredconditionals="8" methods="4" coveredmethods="4"/>
      <line num="4" count="4" type="cond" truecount="0" falsecount="2"/>
      <line num="5" count="4" type="stmt"/>
      <line num="6" count="4" type="stmt"/>
      <line num="7" count="4" type="stmt"/>
      <line num="12" count="4" type="stmt"/>
      <line num="13" count="4" type="stmt"/>
      <line num="15" count="4" type="stmt"/>
      <line num="17" count="12" type="stmt"/>
      <line num="21" count="12" type="stmt"/>
      <line num="24" count="17" type="stmt"/>
      <line num="26" count="12" type="stmt"/>
      <line num="29" count="4" type="stmt"/>
      <line num="33" count="4" type="cond" truecount="2" falsecount="0"/>
      <line num="34" count="54" type="stmt"/>
      <line num="35" count="20" type="cond" truecount="2" falsecount="0"/>
      <line num="38" count="12" type="stmt"/>
      <line num="41" count="54" type="stmt"/>
      <line num="45" count="54" type="stmt"/>
      <line num="46" count="54" type="stmt"/>
      <line num="51" count="4" type="cond" truecount="4" falsecount="0"/>
      <line num="52" count="1" type="stmt"/>
      <line num="54" count="3" type="stmt"/>
    </file>
    <file name="Worker.js" path="/Users/MikeBrits/Dev/PurpleInterview/src/Worker.js">
      <metrics statements="15" coveredstatements="15" conditionals="6" coveredconditionals="6" methods="4" coveredmethods="4"/>
      <line num="4" count="33" type="stmt"/>
      <line num="5" count="33" type="stmt"/>
      <line num="9" count="33" type="stmt"/>
      <line num="10" count="33" type="stmt"/>
      <line num="13" count="33" type="stmt"/>
      <line num="14" count="18" type="stmt"/>
      <line num="15" count="18" type="stmt"/>
      <line num="16" count="18" type="stmt"/>
      <line num="19" count="33" type="stmt"/>
      <line num="20" count="216" type="cond" truecount="2" falsecount="0"/>
      <line num="21" count="182" type="stmt"/>
      <line num="22" count="182" type="cond" truecount="2" falsecount="0"/>
      <line num="23" count="14" type="stmt"/>
      <line num="24" count="14" type="stmt"/>
      <line num="28" count="34" type="stmt"/>
    </file>
    <file name="WorkerManager.js" path="/Users/MikeBrits/Dev/PurpleInterview/src/WorkerManager.js">
      <metrics statements="17" coveredstatements="17" conditionals="4" coveredconditionals="3" methods="7" coveredmethods="7"/>
      <line num="4" count="10" type="stmt"/>
      <line num="5" count="10" type="stmt"/>
      <line num="9" count="10" type="stmt"/>
      <line num="10" count="32" type="stmt"/>
      <line num="14" count="10" type="stmt"/>
      <line num="15" count="150" type="stmt"/>
      <line num="18" count="10" type="stmt"/>
      <line num="19" count="154" type="stmt"/>
      <line num="20" count="115" type="stmt"/>
      <line num="23" count="10" type="stmt"/>
      <line num="24" count="26" type="stmt"/>
      <line num="25" count="26" type="cond" truecount="2" falsecount="0"/>
      <line num="26" count="17" type="stmt"/>
      <line num="27" count="17" type="stmt"/>
      <line num="29" count="9" type="stmt"/>
      <line num="32" count="10" type="stmt"/>
      <line num="33" count="43" type="stmt"/>
    </file>
    <file name="functions.js" path="/Users/MikeBrits/Dev/PurpleInterview/src/functions.js">
      <metrics statements="25" coveredstatements="25" conditionals="9" coveredconditionals="9" methods="8" coveredmethods="8"/>
      <line num="3" count="4" type="stmt"/>
      <line num="4" count="1" type="stmt"/>
      <line num="5" count="1" type="stmt"/>
      <line num="6" count="1" type="stmt"/>
      <line num="9" count="4" type="stmt"/>
      <line num="10" count="6" type="stmt"/>
      <line num="13" count="6" type="stmt"/>
      <line num="21" count="6" type="stmt"/>
      <line num="24" count="6" type="stmt"/>
      <line num="28" count="23" type="cond" truecount="2" falsecount="0"/>
      <line num="30" count="23" type="cond" truecount="2" falsecount="0"/>
      <line num="31" count="12" type="stmt"/>
      <line num="33" count="11" type="stmt"/>
      <line num="39" count="23" type="cond" truecount="2" falsecount="0"/>
      <line num="40" count="23" type="cond" truecount="2" falsecount="0"/>
      <line num="47" count="6" type="stmt"/>
      <line num="50" count="4" type="stmt"/>
      <line num="52" count="60" type="stmt"/>
      <line num="53" count="144" type="stmt"/>
      <line num="58" count="4" type="stmt"/>
      <line num="60" count="7" type="stmt"/>
      <line num="62" count="25" type="stmt"/>
      <line num="67" count="25" type="stmt"/>
      <line num="70" count="7" type="stmt"/>
      <line num="73" count="82" type="cond" truecount="1" falsecount="0"/>
    </file>
  </project>
</coverage>
