{"/Users/MikeBrits/Dev/PurpleInterview/src/GraphTraverser.js": {"path":"/Users/MikeBrits/Dev/PurpleInterview/src/GraphTraverser.js","statementMap":{"0":{"start":{"line":4,"column":29},"end":{"line":55,"column":1}},"1":{"start":{"line":5,"column":21},"end":{"line":5,"column":44}},"2":{"start":{"line":6,"column":23},"end":{"line":6,"column":50}},"3":{"start":{"line":7,"column":20},"end":{"line":7,"column":21}},"4":{"start":{"line":12,"column":22},"end":{"line":12,"column":36}},"5":{"start":{"line":13,"column":16},"end":{"line":13,"column":18}},"6":{"start":{"line":15,"column":25},"end":{"line":27,"column":5}},"7":{"start":{"line":17,"column":29},"end":{"line":17,"column":43}},"8":{"start":{"line":21,"column":8},"end":{"line":25,"column":11}},"9":{"start":{"line":24,"column":12},"end":{"line":24,"column":78}},"10":{"start":{"line":24,"column":63},"end":{"line":24,"column":76}},"11":{"start":{"line":26,"column":8},"end":{"line":26,"column":22}},"12":{"start":{"line":29,"column":20},"end":{"line":29,"column":74}},"13":{"start":{"line":33,"column":4},"end":{"line":47,"column":5}},"14":{"start":{"line":34,"column":8},"end":{"line":40,"column":9}},"15":{"start":{"line":34,"column":21},"end":{"line":34,"column":22}},"16":{"start":{"line":35,"column":12},"end":{"line":39,"column":13}},"17":{"start":{"line":38,"column":16},"end":{"line":38,"column":50}},"18":{"start":{"line":41,"column":8},"end":{"line":41,"column":23}},"19":{"start":{"line":45,"column":8},"end":{"line":45,"column":49}},"20":{"start":{"line":46,"column":8},"end":{"line":46,"column":21}},"21":{"start":{"line":51,"column":4},"end":{"line":53,"column":5}},"22":{"start":{"line":52,"column":8},"end":{"line":52,"column":44}},"23":{"start":{"line":54,"column":4},"end":{"line":54,"column":21}}},"fnMap":{"0":{"name":"(anonymous_0)","decl":{"start":{"line":4,"column":29},"end":{"line":4,"column":30}},"loc":{"start":{"line":4,"column":84},"end":{"line":55,"column":1}},"line":4},"1":{"name":"(anonymous_1)","decl":{"start":{"line":15,"column":25},"end":{"line":15,"column":26}},"loc":{"start":{"line":15,"column":33},"end":{"line":27,"column":5}},"line":15},"2":{"name":"(anonymous_2)","decl":{"start":{"line":21,"column":29},"end":{"line":21,"column":30}},"loc":{"start":{"line":21,"column":36},"end":{"line":25,"column":9}},"line":21},"3":{"name":"(anonymous_3)","decl":{"start":{"line":24,"column":55},"end":{"line":24,"column":56}},"loc":{"start":{"line":24,"column":63},"end":{"line":24,"column":76}},"line":24}},"branchMap":{"0":{"loc":{"start":{"line":4,"column":49},"end":{"line":4,"column":64}},"type":"default-arg","locations":[{"start":{"line":4,"column":63},"end":{"line":4,"column":64}}],"line":4},"1":{"loc":{"start":{"line":4,"column":66},"end":{"line":4,"column":79}},"type":"default-arg","locations":[{"start":{"line":4,"column":77},"end":{"line":4,"column":79}}],"line":4},"2":{"loc":{"start":{"line":33,"column":11},"end":{"line":33,"column":48}},"type":"binary-expr","locations":[{"start":{"line":33,"column":11},"end":{"line":33,"column":28}},{"start":{"line":33,"column":32},"end":{"line":33,"column":48}}],"line":33},"3":{"loc":{"start":{"line":35,"column":12},"end":{"line":39,"column":13}},"type":"if","locations":[{"start":{"line":35,"column":12},"end":{"line":39,"column":13}},{"start":{"line":35,"column":12},"end":{"line":39,"column":13}}],"line":35},"4":{"loc":{"start":{"line":51,"column":4},"end":{"line":53,"column":5}},"type":"if","locations":[{"start":{"line":51,"column":4},"end":{"line":53,"column":5}},{"start":{"line":51,"column":4},"end":{"line":53,"column":5}}],"line":51},"5":{"loc":{"start":{"line":51,"column":8},"end":{"line":51,"column":42}},"type":"binary-expr","locations":[{"start":{"line":51,"column":8},"end":{"line":51,"column":13}},{"start":{"line":51,"column":17},"end":{"line":51,"column":42}}],"line":51}},"s":{"0":4,"1":4,"2":4,"3":4,"4":4,"5":4,"6":4,"7":11,"8":11,"9":11,"10":15,"11":11,"12":4,"13":4,"14":30,"15":30,"16":19,"17":11,"18":30,"19":30,"20":30,"21":4,"22":0,"23":4},"f":{"0":4,"1":11,"2":11,"3":15},"b":{"0":[1],"1":[1],"2":[34,20],"3":[11,8],"4":[0,4],"5":[4,2]},"_coverageSchema":"43e27e138ebf9cfc5966b082cf9a028302ed4184","hash":"9fa9cd87c42f99a71b636757f7988e46aeebe248"}
,"/Users/MikeBrits/Dev/PurpleInterview/src/Worker.js": {"path":"/Users/MikeBrits/Dev/PurpleInterview/src/Worker.js","statementMap":{"0":{"start":{"line":4,"column":20},"end":{"line":4,"column":21}},"1":{"start":{"line":5,"column":12},"end":{"line":5,"column":16}},"2":{"start":{"line":9,"column":8},"end":{"line":9,"column":33}},"3":{"start":{"line":10,"column":8},"end":{"line":10,"column":37}},"4":{"start":{"line":13,"column":17},"end":{"line":17,"column":5}},"5":{"start":{"line":14,"column":8},"end":{"line":14,"column":63}},"6":{"start":{"line":15,"column":8},"end":{"line":15,"column":27}},"7":{"start":{"line":16,"column":8},"end":{"line":16,"column":32}},"8":{"start":{"line":19,"column":11},"end":{"line":30,"column":5}},"9":{"start":{"line":20,"column":8},"end":{"line":29,"column":9}},"10":{"start":{"line":21,"column":12},"end":{"line":21,"column":33}},"11":{"start":{"line":22,"column":12},"end":{"line":25,"column":13}},"12":{"start":{"line":23,"column":16},"end":{"line":23,"column":34}},"13":{"start":{"line":24,"column":16},"end":{"line":24,"column":50}},"14":{"start":{"line":28,"column":12},"end":{"line":28,"column":36}}},"fnMap":{"0":{"name":"(anonymous_0)","decl":{"start":{"line":8,"column":4},"end":{"line":8,"column":5}},"loc":{"start":{"line":8,"column":54},"end":{"line":11,"column":5}},"line":8},"1":{"name":"(anonymous_1)","decl":{"start":{"line":8,"column":29},"end":{"line":8,"column":30}},"loc":{"start":{"line":8,"column":35},"end":{"line":8,"column":37}},"line":8},"2":{"name":"(anonymous_2)","decl":{"start":{"line":13,"column":17},"end":{"line":13,"column":18}},"loc":{"start":{"line":13,"column":25},"end":{"line":17,"column":5}},"line":13},"3":{"name":"(anonymous_3)","decl":{"start":{"line":19,"column":11},"end":{"line":19,"column":12}},"loc":{"start":{"line":19,"column":17},"end":{"line":30,"column":5}},"line":19}},"branchMap":{"0":{"loc":{"start":{"line":8,"column":16},"end":{"line":8,"column":37}},"type":"default-arg","locations":[{"start":{"line":8,"column":29},"end":{"line":8,"column":37}}],"line":8},"1":{"loc":{"start":{"line":8,"column":39},"end":{"line":8,"column":52}},"type":"default-arg","locations":[{"start":{"line":8,"column":50},"end":{"line":8,"column":52}}],"line":8},"2":{"loc":{"start":{"line":20,"column":8},"end":{"line":29,"column":9}},"type":"if","locations":[{"start":{"line":20,"column":8},"end":{"line":29,"column":9}},{"start":{"line":20,"column":8},"end":{"line":29,"column":9}}],"line":20},"3":{"loc":{"start":{"line":22,"column":12},"end":{"line":25,"column":13}},"type":"if","locations":[{"start":{"line":22,"column":12},"end":{"line":25,"column":13}},{"start":{"line":22,"column":12},"end":{"line":25,"column":13}}],"line":22}},"s":{"0":32,"1":32,"2":32,"3":32,"4":32,"5":17,"6":17,"7":17,"8":32,"9":168,"10":158,"11":158,"12":13,"13":13,"14":10},"f":{"0":32,"1":1,"2":17,"3":168},"b":{"0":[1],"1":[1],"2":[158,10],"3":[13,145]},"_coverageSchema":"43e27e138ebf9cfc5966b082cf9a028302ed4184","hash":"1a9b48059b3435af874cabf7fb790a9d13333cd8"}
,"/Users/MikeBrits/Dev/PurpleInterview/src/WorkerManager.js": {"path":"/Users/MikeBrits/Dev/PurpleInterview/src/WorkerManager.js","statementMap":{"0":{"start":{"line":4,"column":14},"end":{"line":4,"column":16}},"1":{"start":{"line":5,"column":16},"end":{"line":5,"column":17}},"2":{"start":{"line":9,"column":8},"end":{"line":11,"column":9}},"3":{"start":{"line":9,"column":19},"end":{"line":9,"column":20}},"4":{"start":{"line":10,"column":12},"end":{"line":10,"column":73}},"5":{"start":{"line":14,"column":26},"end":{"line":16,"column":5}},"6":{"start":{"line":15,"column":8},"end":{"line":15,"column":57}},"7":{"start":{"line":15,"column":45},"end":{"line":15,"column":55}},"8":{"start":{"line":18,"column":11},"end":{"line":21,"column":5}},"9":{"start":{"line":19,"column":8},"end":{"line":19,"column":54}},"10":{"start":{"line":19,"column":39},"end":{"line":19,"column":52}},"11":{"start":{"line":20,"column":8},"end":{"line":20,"column":25}},"12":{"start":{"line":23,"column":17},"end":{"line":30,"column":5}},"13":{"start":{"line":24,"column":18},"end":{"line":24,"column":47}},"14":{"start":{"line":25,"column":8},"end":{"line":28,"column":9}},"15":{"start":{"line":26,"column":12},"end":{"line":26,"column":31}},"16":{"start":{"line":27,"column":12},"end":{"line":27,"column":24}},"17":{"start":{"line":29,"column":8},"end":{"line":29,"column":21}},"18":{"start":{"line":32,"column":13},"end":{"line":34,"column":5}},"19":{"start":{"line":33,"column":8},"end":{"line":33,"column":71}}},"fnMap":{"0":{"name":"(anonymous_0)","decl":{"start":{"line":7,"column":4},"end":{"line":7,"column":5}},"loc":{"start":{"line":7,"column":80},"end":{"line":12,"column":5}},"line":7},"1":{"name":"(anonymous_1)","decl":{"start":{"line":7,"column":50},"end":{"line":7,"column":51}},"loc":{"start":{"line":7,"column":56},"end":{"line":7,"column":58}},"line":7},"2":{"name":"(anonymous_2)","decl":{"start":{"line":14,"column":26},"end":{"line":14,"column":27}},"loc":{"start":{"line":14,"column":32},"end":{"line":16,"column":5}},"line":14},"3":{"name":"(anonymous_3)","decl":{"start":{"line":15,"column":35},"end":{"line":15,"column":36}},"loc":{"start":{"line":15,"column":45},"end":{"line":15,"column":55}},"line":15},"4":{"name":"(anonymous_4)","decl":{"start":{"line":18,"column":11},"end":{"line":18,"column":12}},"loc":{"start":{"line":18,"column":17},"end":{"line":21,"column":5}},"line":18},"5":{"name":"(anonymous_5)","decl":{"start":{"line":19,"column":29},"end":{"line":19,"column":30}},"loc":{"start":{"line":19,"column":39},"end":{"line":19,"column":52}},"line":19},"6":{"name":"(anonymous_6)","decl":{"start":{"line":23,"column":17},"end":{"line":23,"column":18}},"loc":{"start":{"line":23,"column":27},"end":{"line":30,"column":5}},"line":23},"7":{"name":"(anonymous_7)","decl":{"start":{"line":32,"column":13},"end":{"line":32,"column":14}},"loc":{"start":{"line":32,"column":19},"end":{"line":34,"column":5}},"line":32}},"branchMap":{"0":{"loc":{"start":{"line":7,"column":16},"end":{"line":7,"column":31}},"type":"default-arg","locations":[{"start":{"line":7,"column":30},"end":{"line":7,"column":31}}],"line":7},"1":{"loc":{"start":{"line":7,"column":33},"end":{"line":7,"column":58}},"type":"default-arg","locations":[{"start":{"line":7,"column":50},"end":{"line":7,"column":58}}],"line":7},"2":{"loc":{"start":{"line":7,"column":60},"end":{"line":7,"column":79}},"type":"default-arg","locations":[{"start":{"line":7,"column":77},"end":{"line":7,"column":79}}],"line":7},"3":{"loc":{"start":{"line":25,"column":8},"end":{"line":28,"column":9}},"type":"if","locations":[{"start":{"line":25,"column":8},"end":{"line":28,"column":9}},{"start":{"line":25,"column":8},"end":{"line":28,"column":9}}],"line":25}},"s":{"0":10,"1":10,"2":10,"3":10,"4":31,"5":10,"6":48,"7":101,"8":10,"9":91,"10":106,"11":91,"12":10,"13":25,"14":25,"15":16,"16":16,"17":9,"18":10,"19":20},"f":{"0":10,"1":0,"2":48,"3":101,"4":91,"5":106,"6":25,"7":20},"b":{"0":[0],"1":[0],"2":[6],"3":[16,9]},"_coverageSchema":"43e27e138ebf9cfc5966b082cf9a028302ed4184","hash":"8ebacaea42be16dcc0abed6048a0a8a651af183c"}
,"/Users/MikeBrits/Dev/PurpleInterview/src/functions.js": {"path":"/Users/MikeBrits/Dev/PurpleInterview/src/functions.js","statementMap":{"0":{"start":{"line":4,"column":24},"end":{"line":14,"column":1}},"1":{"start":{"line":5,"column":4},"end":{"line":13,"column":7}},"2":{"start":{"line":6,"column":8},"end":{"line":12,"column":11}},"3":{"start":{"line":7,"column":12},"end":{"line":11,"column":13}},"4":{"start":{"line":8,"column":16},"end":{"line":8,"column":28}},"5":{"start":{"line":10,"column":16},"end":{"line":10,"column":30}},"6":{"start":{"line":16,"column":38},"end":{"line":20,"column":1}},"7":{"start":{"line":17,"column":30},"end":{"line":17,"column":50}},"8":{"start":{"line":18,"column":19},"end":{"line":18,"column":58}},"9":{"start":{"line":19,"column":4},"end":{"line":19,"column":18}},"10":{"start":{"line":22,"column":26},"end":{"line":61,"column":1}},"11":{"start":{"line":23,"column":18},"end":{"line":23,"column":42}},"12":{"start":{"line":26,"column":18},"end":{"line":26,"column":20}},"13":{"start":{"line":34,"column":19},"end":{"line":34,"column":21}},"14":{"start":{"line":37,"column":4},"end":{"line":54,"column":7}},"15":{"start":{"line":41,"column":8},"end":{"line":41,"column":59}},"16":{"start":{"line":43,"column":8},"end":{"line":47,"column":9}},"17":{"start":{"line":44,"column":12},"end":{"line":44,"column":46}},"18":{"start":{"line":46,"column":12},"end":{"line":46,"column":30}},"19":{"start":{"line":52,"column":8},"end":{"line":52,"column":38}},"20":{"start":{"line":53,"column":8},"end":{"line":53,"column":40}},"21":{"start":{"line":60,"column":4},"end":{"line":60,"column":31}},"22":{"start":{"line":63,"column":30},"end":{"line":68,"column":1}},"23":{"start":{"line":65,"column":4},"end":{"line":67,"column":16}},"24":{"start":{"line":66,"column":24},"end":{"line":66,"column":48}},"25":{"start":{"line":71,"column":33},"end":{"line":84,"column":1}},"26":{"start":{"line":73,"column":18},"end":{"line":81,"column":6}},"27":{"start":{"line":75,"column":20},"end":{"line":75,"column":35}},"28":{"start":{"line":80,"column":8},"end":{"line":80,"column":32}},"29":{"start":{"line":83,"column":4},"end":{"line":83,"column":17}},"30":{"start":{"line":86,"column":28},"end":{"line":86,"column":83}},"31":{"start":{"line":86,"column":49},"end":{"line":86,"column":83}}},"fnMap":{"0":{"name":"(anonymous_0)","decl":{"start":{"line":4,"column":24},"end":{"line":4,"column":25}},"loc":{"start":{"line":4,"column":32},"end":{"line":14,"column":1}},"line":4},"1":{"name":"(anonymous_1)","decl":{"start":{"line":5,"column":23},"end":{"line":5,"column":24}},"loc":{"start":{"line":5,"column":44},"end":{"line":13,"column":5}},"line":5},"2":{"name":"(anonymous_2)","decl":{"start":{"line":6,"column":35},"end":{"line":6,"column":36}},"loc":{"start":{"line":6,"column":50},"end":{"line":12,"column":9}},"line":6},"3":{"name":"(anonymous_3)","decl":{"start":{"line":16,"column":38},"end":{"line":16,"column":39}},"loc":{"start":{"line":16,"column":50},"end":{"line":20,"column":1}},"line":16},"4":{"name":"(anonymous_4)","decl":{"start":{"line":22,"column":26},"end":{"line":22,"column":27}},"loc":{"start":{"line":22,"column":35},"end":{"line":61,"column":1}},"line":22},"5":{"name":"(anonymous_5)","decl":{"start":{"line":37,"column":18},"end":{"line":37,"column":19}},"loc":{"start":{"line":37,"column":30},"end":{"line":54,"column":5}},"line":37},"6":{"name":"(anonymous_6)","decl":{"start":{"line":63,"column":30},"end":{"line":63,"column":31}},"loc":{"start":{"line":63,"column":39},"end":{"line":68,"column":1}},"line":63},"7":{"name":"(anonymous_7)","decl":{"start":{"line":66,"column":16},"end":{"line":66,"column":17}},"loc":{"start":{"line":66,"column":24},"end":{"line":66,"column":48}},"line":66},"8":{"name":"(anonymous_8)","decl":{"start":{"line":71,"column":33},"end":{"line":71,"column":34}},"loc":{"start":{"line":71,"column":42},"end":{"line":84,"column":1}},"line":71},"9":{"name":"(anonymous_9)","decl":{"start":{"line":73,"column":40},"end":{"line":73,"column":41}},"loc":{"start":{"line":73,"column":48},"end":{"line":81,"column":5}},"line":73},"10":{"name":"(anonymous_10)","decl":{"start":{"line":86,"column":28},"end":{"line":86,"column":29}},"loc":{"start":{"line":86,"column":49},"end":{"line":86,"column":83}},"line":86}},"branchMap":{"0":{"loc":{"start":{"line":7,"column":12},"end":{"line":11,"column":13}},"type":"if","locations":[{"start":{"line":7,"column":12},"end":{"line":11,"column":13}},{"start":{"line":7,"column":12},"end":{"line":11,"column":13}}],"line":7},"1":{"loc":{"start":{"line":41,"column":21},"end":{"line":41,"column":58}},"type":"cond-expr","locations":[{"start":{"line":41,"column":34},"end":{"line":41,"column":52}},{"start":{"line":41,"column":55},"end":{"line":41,"column":58}}],"line":41},"2":{"loc":{"start":{"line":43,"column":8},"end":{"line":47,"column":9}},"type":"if","locations":[{"start":{"line":43,"column":8},"end":{"line":47,"column":9}},{"start":{"line":43,"column":8},"end":{"line":47,"column":9}}],"line":43},"3":{"loc":{"start":{"line":52,"column":21},"end":{"line":52,"column":37}},"type":"binary-expr","locations":[{"start":{"line":52,"column":21},"end":{"line":52,"column":31}},{"start":{"line":52,"column":35},"end":{"line":52,"column":37}}],"line":52},"4":{"loc":{"start":{"line":53,"column":22},"end":{"line":53,"column":39}},"type":"binary-expr","locations":[{"start":{"line":53,"column":22},"end":{"line":53,"column":33}},{"start":{"line":53,"column":37},"end":{"line":53,"column":39}}],"line":53},"5":{"loc":{"start":{"line":86,"column":35},"end":{"line":86,"column":44}},"type":"default-arg","locations":[{"start":{"line":86,"column":42},"end":{"line":86,"column":44}}],"line":86}},"s":{"0":4,"1":0,"2":0,"3":0,"4":0,"5":0,"6":4,"7":1,"8":1,"9":1,"10":4,"11":6,"12":6,"13":6,"14":6,"15":22,"16":22,"17":12,"18":10,"19":22,"20":22,"21":6,"22":4,"23":36,"24":71,"25":4,"26":7,"27":24,"28":24,"29":7,"30":4,"31":81},"f":{"0":0,"1":0,"2":0,"3":1,"4":6,"5":22,"6":36,"7":71,"8":7,"9":24,"10":81},"b":{"0":[0,0],"1":[8,14],"2":[12,10],"3":[22,9],"4":[22,13],"5":[64]},"_coverageSchema":"43e27e138ebf9cfc5966b082cf9a028302ed4184","hash":"73a1855aeba00e09e69e64fcdb1a8a246bcbaf17"}
}
