{"/Users/MikeBrits/Dev/PurpleInterview/src/GraphTraverser.js": {"path":"/Users/MikeBrits/Dev/PurpleInterview/src/GraphTraverser.js","statementMap":{"0":{"start":{"line":4,"column":29},"end":{"line":55,"column":1}},"1":{"start":{"line":5,"column":21},"end":{"line":5,"column":44}},"2":{"start":{"line":6,"column":23},"end":{"line":6,"column":50}},"3":{"start":{"line":7,"column":20},"end":{"line":7,"column":21}},"4":{"start":{"line":12,"column":22},"end":{"line":12,"column":36}},"5":{"start":{"line":13,"column":16},"end":{"line":13,"column":18}},"6":{"start":{"line":15,"column":25},"end":{"line":27,"column":5}},"7":{"start":{"line":17,"column":29},"end":{"line":17,"column":43}},"8":{"start":{"line":21,"column":8},"end":{"line":25,"column":11}},"9":{"start":{"line":24,"column":12},"end":{"line":24,"column":78}},"10":{"start":{"line":24,"column":63},"end":{"line":24,"column":76}},"11":{"start":{"line":26,"column":8},"end":{"line":26,"column":22}},"12":{"start":{"line":29,"column":20},"end":{"line":29,"column":74}},"13":{"start":{"line":33,"column":4},"end":{"line":47,"column":5}},"14":{"start":{"line":34,"column":8},"end":{"line":40,"column":9}},"15":{"start":{"line":34,"column":21},"end":{"line":34,"column":22}},"16":{"start":{"line":35,"column":12},"end":{"line":39,"column":13}},"17":{"start":{"line":38,"column":16},"end":{"line":38,"column":50}},"18":{"start":{"line":41,"column":8},"end":{"line":41,"column":23}},"19":{"start":{"line":45,"column":8},"end":{"line":45,"column":49}},"20":{"start":{"line":46,"column":8},"end":{"line":46,"column":21}},"21":{"start":{"line":51,"column":4},"end":{"line":53,"column":5}},"22":{"start":{"line":52,"column":8},"end":{"line":52,"column":44}},"23":{"start":{"line":54,"column":4},"end":{"line":54,"column":21}}},"fnMap":{"0":{"name":"(anonymous_0)","decl":{"start":{"line":4,"column":29},"end":{"line":4,"column":30}},"loc":{"start":{"line":4,"column":84},"end":{"line":55,"column":1}},"line":4},"1":{"name":"(anonymous_1)","decl":{"start":{"line":15,"column":25},"end":{"line":15,"column":26}},"loc":{"start":{"line":15,"column":33},"end":{"line":27,"column":5}},"line":15},"2":{"name":"(anonymous_2)","decl":{"start":{"line":21,"column":29},"end":{"line":21,"column":30}},"loc":{"start":{"line":21,"column":36},"end":{"line":25,"column":9}},"line":21},"3":{"name":"(anonymous_3)","decl":{"start":{"line":24,"column":55},"end":{"line":24,"column":56}},"loc":{"start":{"line":24,"column":63},"end":{"line":24,"column":76}},"line":24}},"branchMap":{"0":{"loc":{"start":{"line":4,"column":49},"end":{"line":4,"column":64}},"type":"default-arg","locations":[{"start":{"line":4,"column":63},"end":{"line":4,"column":64}}],"line":4},"1":{"loc":{"start":{"line":4,"column":66},"end":{"line":4,"column":79}},"type":"default-arg","locations":[{"start":{"line":4,"column":77},"end":{"line":4,"column":79}}],"line":4},"2":{"loc":{"start":{"line":33,"column":11},"end":{"line":33,"column":48}},"type":"binary-expr","locations":[{"start":{"line":33,"column":11},"end":{"line":33,"column":28}},{"start":{"line":33,"column":32},"end":{"line":33,"column":48}}],"line":33},"3":{"loc":{"start":{"line":35,"column":12},"end":{"line":39,"column":13}},"type":"if","locations":[{"start":{"line":35,"column":12},"end":{"line":39,"column":13}},{"start":{"line":35,"column":12},"end":{"line":39,"column":13}}],"line":35},"4":{"loc":{"start":{"line":51,"column":4},"end":{"line":53,"column":5}},"type":"if","locations":[{"start":{"line":51,"column":4},"end":{"line":53,"column":5}},{"start":{"line":51,"column":4},"end":{"line":53,"column":5}}],"line":51},"5":{"loc":{"start":{"line":51,"column":8},"end":{"line":51,"column":42}},"type":"binary-expr","locations":[{"start":{"line":51,"column":8},"end":{"line":51,"column":13}},{"start":{"line":51,"column":17},"end":{"line":51,"column":42}}],"line":51}},"s":{"0":4,"1":4,"2":4,"3":4,"4":4,"5":4,"6":4,"7":12,"8":12,"9":12,"10":17,"11":12,"12":4,"13":4,"14":54,"15":54,"16":20,"17":12,"18":54,"19":54,"20":54,"21":4,"22":1,"23":3},"f":{"0":4,"1":12,"2":12,"3":17},"b":{"0":[0],"1":[0],"2":[58,43],"3":[12,8],"4":[1,3],"5":[4,3]},"_coverageSchema":"43e27e138ebf9cfc5966b082cf9a028302ed4184","hash":"9fa9cd87c42f99a71b636757f7988e46aeebe248"}
,"/Users/MikeBrits/Dev/PurpleInterview/src/Worker.js": {"path":"/Users/MikeBrits/Dev/PurpleInterview/src/Worker.js","statementMap":{"0":{"start":{"line":4,"column":20},"end":{"line":4,"column":21}},"1":{"start":{"line":5,"column":12},"end":{"line":5,"column":16}},"2":{"start":{"line":9,"column":8},"end":{"line":9,"column":33}},"3":{"start":{"line":10,"column":8},"end":{"line":10,"column":37}},"4":{"start":{"line":13,"column":17},"end":{"line":17,"column":5}},"5":{"start":{"line":14,"column":8},"end":{"line":14,"column":63}},"6":{"start":{"line":15,"column":8},"end":{"line":15,"column":27}},"7":{"start":{"line":16,"column":8},"end":{"line":16,"column":32}},"8":{"start":{"line":19,"column":11},"end":{"line":30,"column":5}},"9":{"start":{"line":20,"column":8},"end":{"line":29,"column":9}},"10":{"start":{"line":21,"column":12},"end":{"line":21,"column":33}},"11":{"start":{"line":22,"column":12},"end":{"line":25,"column":13}},"12":{"start":{"line":23,"column":16},"end":{"line":23,"column":34}},"13":{"start":{"line":24,"column":16},"end":{"line":24,"column":50}},"14":{"start":{"line":28,"column":12},"end":{"line":28,"column":36}}},"fnMap":{"0":{"name":"(anonymous_0)","decl":{"start":{"line":8,"column":4},"end":{"line":8,"column":5}},"loc":{"start":{"line":8,"column":54},"end":{"line":11,"column":5}},"line":8},"1":{"name":"(anonymous_1)","decl":{"start":{"line":8,"column":29},"end":{"line":8,"column":30}},"loc":{"start":{"line":8,"column":35},"end":{"line":8,"column":37}},"line":8},"2":{"name":"(anonymous_2)","decl":{"start":{"line":13,"column":17},"end":{"line":13,"column":18}},"loc":{"start":{"line":13,"column":25},"end":{"line":17,"column":5}},"line":13},"3":{"name":"(anonymous_3)","decl":{"start":{"line":19,"column":11},"end":{"line":19,"column":12}},"loc":{"start":{"line":19,"column":17},"end":{"line":30,"column":5}},"line":19}},"branchMap":{"0":{"loc":{"start":{"line":8,"column":16},"end":{"line":8,"column":37}},"type":"default-arg","locations":[{"start":{"line":8,"column":29},"end":{"line":8,"column":37}}],"line":8},"1":{"loc":{"start":{"line":8,"column":39},"end":{"line":8,"column":52}},"type":"default-arg","locations":[{"start":{"line":8,"column":50},"end":{"line":8,"column":52}}],"line":8},"2":{"loc":{"start":{"line":20,"column":8},"end":{"line":29,"column":9}},"type":"if","locations":[{"start":{"line":20,"column":8},"end":{"line":29,"column":9}},{"start":{"line":20,"column":8},"end":{"line":29,"column":9}}],"line":20},"3":{"loc":{"start":{"line":22,"column":12},"end":{"line":25,"column":13}},"type":"if","locations":[{"start":{"line":22,"column":12},"end":{"line":25,"column":13}},{"start":{"line":22,"column":12},"end":{"line":25,"column":13}}],"line":22}},"s":{"0":33,"1":33,"2":33,"3":33,"4":33,"5":18,"6":18,"7":18,"8":33,"9":216,"10":182,"11":182,"12":14,"13":14,"14":34},"f":{"0":33,"1":1,"2":18,"3":216},"b":{"0":[1],"1":[1],"2":[182,34],"3":[14,168]},"_coverageSchema":"43e27e138ebf9cfc5966b082cf9a028302ed4184","hash":"1a9b48059b3435af874cabf7fb790a9d13333cd8"}
,"/Users/MikeBrits/Dev/PurpleInterview/src/WorkerManager.js": {"path":"/Users/MikeBrits/Dev/PurpleInterview/src/WorkerManager.js","statementMap":{"0":{"start":{"line":4,"column":14},"end":{"line":4,"column":16}},"1":{"start":{"line":5,"column":16},"end":{"line":5,"column":17}},"2":{"start":{"line":9,"column":8},"end":{"line":11,"column":9}},"3":{"start":{"line":9,"column":19},"end":{"line":9,"column":20}},"4":{"start":{"line":10,"column":12},"end":{"line":10,"column":73}},"5":{"start":{"line":14,"column":26},"end":{"line":16,"column":5}},"6":{"start":{"line":15,"column":8},"end":{"line":15,"column":57}},"7":{"start":{"line":15,"column":45},"end":{"line":15,"column":55}},"8":{"start":{"line":18,"column":11},"end":{"line":21,"column":5}},"9":{"start":{"line":19,"column":8},"end":{"line":19,"column":54}},"10":{"start":{"line":19,"column":39},"end":{"line":19,"column":52}},"11":{"start":{"line":20,"column":8},"end":{"line":20,"column":25}},"12":{"start":{"line":23,"column":17},"end":{"line":30,"column":5}},"13":{"start":{"line":24,"column":18},"end":{"line":24,"column":47}},"14":{"start":{"line":25,"column":8},"end":{"line":28,"column":9}},"15":{"start":{"line":26,"column":12},"end":{"line":26,"column":31}},"16":{"start":{"line":27,"column":12},"end":{"line":27,"column":24}},"17":{"start":{"line":29,"column":8},"end":{"line":29,"column":21}},"18":{"start":{"line":32,"column":13},"end":{"line":34,"column":5}},"19":{"start":{"line":33,"column":8},"end":{"line":33,"column":71}}},"fnMap":{"0":{"name":"(anonymous_0)","decl":{"start":{"line":7,"column":4},"end":{"line":7,"column":5}},"loc":{"start":{"line":7,"column":69},"end":{"line":12,"column":5}},"line":7},"1":{"name":"(anonymous_1)","decl":{"start":{"line":14,"column":26},"end":{"line":14,"column":27}},"loc":{"start":{"line":14,"column":32},"end":{"line":16,"column":5}},"line":14},"2":{"name":"(anonymous_2)","decl":{"start":{"line":15,"column":35},"end":{"line":15,"column":36}},"loc":{"start":{"line":15,"column":45},"end":{"line":15,"column":55}},"line":15},"3":{"name":"(anonymous_3)","decl":{"start":{"line":18,"column":11},"end":{"line":18,"column":12}},"loc":{"start":{"line":18,"column":17},"end":{"line":21,"column":5}},"line":18},"4":{"name":"(anonymous_4)","decl":{"start":{"line":19,"column":29},"end":{"line":19,"column":30}},"loc":{"start":{"line":19,"column":39},"end":{"line":19,"column":52}},"line":19},"5":{"name":"(anonymous_5)","decl":{"start":{"line":23,"column":17},"end":{"line":23,"column":18}},"loc":{"start":{"line":23,"column":27},"end":{"line":30,"column":5}},"line":23},"6":{"name":"(anonymous_6)","decl":{"start":{"line":32,"column":13},"end":{"line":32,"column":14}},"loc":{"start":{"line":32,"column":19},"end":{"line":34,"column":5}},"line":32}},"branchMap":{"0":{"loc":{"start":{"line":7,"column":16},"end":{"line":7,"column":31}},"type":"default-arg","locations":[{"start":{"line":7,"column":30},"end":{"line":7,"column":31}}],"line":7},"1":{"loc":{"start":{"line":7,"column":49},"end":{"line":7,"column":68}},"type":"default-arg","locations":[{"start":{"line":7,"column":66},"end":{"line":7,"column":68}}],"line":7},"2":{"loc":{"start":{"line":25,"column":8},"end":{"line":28,"column":9}},"type":"if","locations":[{"start":{"line":25,"column":8},"end":{"line":28,"column":9}},{"start":{"line":25,"column":8},"end":{"line":28,"column":9}}],"line":25}},"s":{"0":10,"1":10,"2":10,"3":10,"4":32,"5":10,"6":72,"7":150,"8":10,"9":115,"10":154,"11":115,"12":10,"13":26,"14":26,"15":17,"16":17,"17":9,"18":10,"19":43},"f":{"0":10,"1":72,"2":150,"3":115,"4":154,"5":26,"6":43},"b":{"0":[0],"1":[6],"2":[17,9]},"_coverageSchema":"43e27e138ebf9cfc5966b082cf9a028302ed4184","hash":"774cbc7b9622efa2201f788929adee1bcb56b1f3"}
,"/Users/MikeBrits/Dev/PurpleInterview/src/functions.js": {"path":"/Users/MikeBrits/Dev/PurpleInterview/src/functions.js","statementMap":{"0":{"start":{"line":3,"column":38},"end":{"line":7,"column":1}},"1":{"start":{"line":4,"column":30},"end":{"line":4,"column":50}},"2":{"start":{"line":5,"column":19},"end":{"line":5,"column":58}},"3":{"start":{"line":6,"column":4},"end":{"line":6,"column":18}},"4":{"start":{"line":9,"column":26},"end":{"line":48,"column":1}},"5":{"start":{"line":10,"column":18},"end":{"line":10,"column":42}},"6":{"start":{"line":13,"column":18},"end":{"line":13,"column":20}},"7":{"start":{"line":21,"column":19},"end":{"line":21,"column":21}},"8":{"start":{"line":24,"column":4},"end":{"line":41,"column":7}},"9":{"start":{"line":28,"column":8},"end":{"line":28,"column":59}},"10":{"start":{"line":30,"column":8},"end":{"line":34,"column":9}},"11":{"start":{"line":31,"column":12},"end":{"line":31,"column":46}},"12":{"start":{"line":33,"column":12},"end":{"line":33,"column":30}},"13":{"start":{"line":39,"column":8},"end":{"line":39,"column":38}},"14":{"start":{"line":40,"column":8},"end":{"line":40,"column":40}},"15":{"start":{"line":47,"column":4},"end":{"line":47,"column":31}},"16":{"start":{"line":50,"column":30},"end":{"line":55,"column":1}},"17":{"start":{"line":52,"column":4},"end":{"line":54,"column":16}},"18":{"start":{"line":53,"column":24},"end":{"line":53,"column":48}},"19":{"start":{"line":58,"column":33},"end":{"line":71,"column":1}},"20":{"start":{"line":60,"column":18},"end":{"line":68,"column":6}},"21":{"start":{"line":62,"column":20},"end":{"line":62,"column":35}},"22":{"start":{"line":67,"column":8},"end":{"line":67,"column":32}},"23":{"start":{"line":70,"column":4},"end":{"line":70,"column":17}},"24":{"start":{"line":73,"column":28},"end":{"line":73,"column":83}},"25":{"start":{"line":73,"column":49},"end":{"line":73,"column":83}}},"fnMap":{"0":{"name":"(anonymous_0)","decl":{"start":{"line":3,"column":38},"end":{"line":3,"column":39}},"loc":{"start":{"line":3,"column":50},"end":{"line":7,"column":1}},"line":3},"1":{"name":"(anonymous_1)","decl":{"start":{"line":9,"column":26},"end":{"line":9,"column":27}},"loc":{"start":{"line":9,"column":35},"end":{"line":48,"column":1}},"line":9},"2":{"name":"(anonymous_2)","decl":{"start":{"line":24,"column":18},"end":{"line":24,"column":19}},"loc":{"start":{"line":24,"column":30},"end":{"line":41,"column":5}},"line":24},"3":{"name":"(anonymous_3)","decl":{"start":{"line":50,"column":30},"end":{"line":50,"column":31}},"loc":{"start":{"line":50,"column":39},"end":{"line":55,"column":1}},"line":50},"4":{"name":"(anonymous_4)","decl":{"start":{"line":53,"column":16},"end":{"line":53,"column":17}},"loc":{"start":{"line":53,"column":24},"end":{"line":53,"column":48}},"line":53},"5":{"name":"(anonymous_5)","decl":{"start":{"line":58,"column":33},"end":{"line":58,"column":34}},"loc":{"start":{"line":58,"column":42},"end":{"line":71,"column":1}},"line":58},"6":{"name":"(anonymous_6)","decl":{"start":{"line":60,"column":40},"end":{"line":60,"column":41}},"loc":{"start":{"line":60,"column":48},"end":{"line":68,"column":5}},"line":60},"7":{"name":"(anonymous_7)","decl":{"start":{"line":73,"column":28},"end":{"line":73,"column":29}},"loc":{"start":{"line":73,"column":49},"end":{"line":73,"column":83}},"line":73}},"branchMap":{"0":{"loc":{"start":{"line":28,"column":21},"end":{"line":28,"column":58}},"type":"cond-expr","locations":[{"start":{"line":28,"column":34},"end":{"line":28,"column":52}},{"start":{"line":28,"column":55},"end":{"line":28,"column":58}}],"line":28},"1":{"loc":{"start":{"line":30,"column":8},"end":{"line":34,"column":9}},"type":"if","locations":[{"start":{"line":30,"column":8},"end":{"line":34,"column":9}},{"start":{"line":30,"column":8},"end":{"line":34,"column":9}}],"line":30},"2":{"loc":{"start":{"line":39,"column":21},"end":{"line":39,"column":37}},"type":"binary-expr","locations":[{"start":{"line":39,"column":21},"end":{"line":39,"column":31}},{"start":{"line":39,"column":35},"end":{"line":39,"column":37}}],"line":39},"3":{"loc":{"start":{"line":40,"column":22},"end":{"line":40,"column":39}},"type":"binary-expr","locations":[{"start":{"line":40,"column":22},"end":{"line":40,"column":33}},{"start":{"line":40,"column":37},"end":{"line":40,"column":39}}],"line":40},"4":{"loc":{"start":{"line":73,"column":35},"end":{"line":73,"column":44}},"type":"default-arg","locations":[{"start":{"line":73,"column":42},"end":{"line":73,"column":44}}],"line":73}},"s":{"0":4,"1":1,"2":1,"3":1,"4":4,"5":6,"6":6,"7":6,"8":6,"9":23,"10":23,"11":12,"12":11,"13":23,"14":23,"15":6,"16":4,"17":60,"18":144,"19":4,"20":7,"21":25,"22":25,"23":7,"24":4,"25":82},"f":{"0":1,"1":6,"2":23,"3":60,"4":144,"5":7,"6":25,"7":82},"b":{"0":[9,14],"1":[12,11],"2":[23,10],"3":[23,13],"4":[64]},"_coverageSchema":"43e27e138ebf9cfc5966b082cf9a028302ed4184","hash":"10036db3a1da5f259e3b6bff3274993d14ec12c9"}
}
