TN:
SF:/Users/MikeBrits/Dev/PurpleInterview/src/GraphTraverser.js
FN:4,(anonymous_0)
FN:15,(anonymous_1)
FN:21,(anonymous_2)
FN:24,(anonymous_3)
FNF:4
FNH:4
FNDA:4,(anonymous_0)
FNDA:11,(anonymous_1)
FNDA:11,(anonymous_2)
FNDA:15,(anonymous_3)
DA:4,4
DA:5,4
DA:6,4
DA:7,4
DA:12,4
DA:13,4
DA:15,4
DA:17,11
DA:21,11
DA:24,15
DA:26,11
DA:29,4
DA:33,4
DA:34,30
DA:35,19
DA:38,11
DA:41,30
DA:45,30
DA:46,30
DA:51,4
DA:52,0
DA:54,4
LF:22
LH:21
BRDA:4,0,0,1
BRDA:4,1,0,1
BRDA:33,2,0,34
BRDA:33,2,1,20
BRDA:35,3,0,11
BRDA:35,3,1,8
BRDA:51,4,0,0
BRDA:51,4,1,4
BRDA:51,5,0,4
BRDA:51,5,1,2
BRF:10
BRH:9
end_of_record
TN:
SF:/Users/MikeBrits/Dev/PurpleInterview/src/Worker.js
FN:8,(anonymous_0)
FN:8,(anonymous_1)
FN:13,(anonymous_2)
FN:19,(anonymous_3)
FNF:4
FNH:4
FNDA:32,(anonymous_0)
FNDA:1,(anonymous_1)
FNDA:17,(anonymous_2)
FNDA:168,(anonymous_3)
DA:4,32
DA:5,32
DA:9,32
DA:10,32
DA:13,32
DA:14,17
DA:15,17
DA:16,17
DA:19,32
DA:20,168
DA:21,158
DA:22,158
DA:23,13
DA:24,13
DA:28,10
LF:15
LH:15
BRDA:8,0,0,1
BRDA:8,1,0,1
BRDA:20,2,0,158
BRDA:20,2,1,10
BRDA:22,3,0,13
BRDA:22,3,1,145
BRF:6
BRH:6
end_of_record
TN:
SF:/Users/MikeBrits/Dev/PurpleInterview/src/WorkerManager.js
FN:7,(anonymous_0)
FN:7,(anonymous_1)
FN:14,(anonymous_2)
FN:15,(anonymous_3)
FN:18,(anonymous_4)
FN:19,(anonymous_5)
FN:23,(anonymous_6)
FN:32,(anonymous_7)
FNF:8
FNH:7
FNDA:10,(anonymous_0)
FNDA:0,(anonymous_1)
FNDA:48,(anonymous_2)
FNDA:101,(anonymous_3)
FNDA:91,(anonymous_4)
FNDA:106,(anonymous_5)
FNDA:25,(anonymous_6)
FNDA:20,(anonymous_7)
DA:4,10
DA:5,10
DA:9,10
DA:10,31
DA:14,10
DA:15,101
DA:18,10
DA:19,106
DA:20,91
DA:23,10
DA:24,25
DA:25,25
DA:26,16
DA:27,16
DA:29,9
DA:32,10
DA:33,20
LF:17
LH:17
BRDA:7,0,0,0
BRDA:7,1,0,0
BRDA:7,2,0,6
BRDA:25,3,0,16
BRDA:25,3,1,9
BRF:5
BRH:3
end_of_record
TN:
SF:/Users/MikeBrits/Dev/PurpleInterview/src/functions.js
FN:4,(anonymous_0)
FN:5,(anonymous_1)
FN:6,(anonymous_2)
FN:16,(anonymous_3)
FN:22,(anonymous_4)
FN:37,(anonymous_5)
FN:63,(anonymous_6)
FN:66,(anonymous_7)
FN:71,(anonymous_8)
FN:73,(anonymous_9)
FN:86,(anonymous_10)
FNF:11
FNH:8
FNDA:0,(anonymous_0)
FNDA:0,(anonymous_1)
FNDA:0,(anonymous_2)
FNDA:1,(anonymous_3)
FNDA:6,(anonymous_4)
FNDA:22,(anonymous_5)
FNDA:36,(anonymous_6)
FNDA:71,(anonymous_7)
FNDA:7,(anonymous_8)
FNDA:24,(anonymous_9)
FNDA:81,(anonymous_10)
DA:4,4
DA:5,0
DA:6,0
DA:7,0
DA:8,0
DA:10,0
DA:16,4
DA:17,1
DA:18,1
DA:19,1
DA:22,4
DA:23,6
DA:26,6
DA:34,6
DA:37,6
DA:41,22
DA:43,22
DA:44,12
DA:46,10
DA:52,22
DA:53,22
DA:60,6
DA:63,4
DA:65,36
DA:66,71
DA:71,4
DA:73,7
DA:75,24
DA:80,24
DA:83,7
DA:86,81
LF:31
LH:26
BRDA:7,0,0,0
BRDA:7,0,1,0
BRDA:41,1,0,8
BRDA:41,1,1,14
BRDA:43,2,0,12
BRDA:43,2,1,10
BRDA:52,3,0,22
BRDA:52,3,1,9
BRDA:53,4,0,22
BRDA:53,4,1,13
BRDA:86,5,0,64
BRF:11
BRH:9
end_of_record
