TN:
SF:/Users/MikeBrits/Dev/PurpleInterview/src/GraphTraverser.js
FN:4,(anonymous_0)
FN:15,(anonymous_1)
FN:21,(anonymous_2)
FN:24,(anonymous_3)
FNF:4
FNH:4
FNDA:4,(anonymous_0)
FNDA:12,(anonymous_1)
FNDA:12,(anonymous_2)
FNDA:17,(anonymous_3)
DA:4,4
DA:5,4
DA:6,4
DA:7,4
DA:12,4
DA:13,4
DA:15,4
DA:17,12
DA:21,12
DA:24,17
DA:26,12
DA:29,4
DA:33,4
DA:34,54
DA:35,20
DA:38,12
DA:41,54
DA:45,54
DA:46,54
DA:51,4
DA:52,1
DA:54,3
LF:22
LH:22
BRDA:4,0,0,0
BRDA:4,1,0,0
BRDA:33,2,0,58
BRDA:33,2,1,43
BRDA:35,3,0,12
BRDA:35,3,1,8
BRDA:51,4,0,1
BRDA:51,4,1,3
BRDA:51,5,0,4
BRDA:51,5,1,3
BRF:10
BRH:8
end_of_record
TN:
SF:/Users/MikeBrits/Dev/PurpleInterview/src/Worker.js
FN:8,(anonymous_0)
FN:8,(anonymous_1)
FN:13,(anonymous_2)
FN:19,(anonymous_3)
FNF:4
FNH:4
FNDA:33,(anonymous_0)
FNDA:1,(anonymous_1)
FNDA:18,(anonymous_2)
FNDA:216,(anonymous_3)
DA:4,33
DA:5,33
DA:9,33
DA:10,33
DA:13,33
DA:14,18
DA:15,18
DA:16,18
DA:19,33
DA:20,216
DA:21,182
DA:22,182
DA:23,14
DA:24,14
DA:28,34
LF:15
LH:15
BRDA:8,0,0,1
BRDA:8,1,0,1
BRDA:20,2,0,182
BRDA:20,2,1,34
BRDA:22,3,0,14
BRDA:22,3,1,168
BRF:6
BRH:6
end_of_record
TN:
SF:/Users/MikeBrits/Dev/PurpleInterview/src/WorkerManager.js
FN:7,(anonymous_0)
FN:14,(anonymous_1)
FN:15,(anonymous_2)
FN:18,(anonymous_3)
FN:19,(anonymous_4)
FN:23,(anonymous_5)
FN:32,(anonymous_6)
FNF:7
FNH:7
FNDA:10,(anonymous_0)
FNDA:72,(anonymous_1)
FNDA:150,(anonymous_2)
FNDA:115,(anonymous_3)
FNDA:154,(anonymous_4)
FNDA:26,(anonymous_5)
FNDA:43,(anonymous_6)
DA:4,10
DA:5,10
DA:9,10
DA:10,32
DA:14,10
DA:15,150
DA:18,10
DA:19,154
DA:20,115
DA:23,10
DA:24,26
DA:25,26
DA:26,17
DA:27,17
DA:29,9
DA:32,10
DA:33,43
LF:17
LH:17
BRDA:7,0,0,0
BRDA:7,1,0,6
BRDA:25,2,0,17
BRDA:25,2,1,9
BRF:4
BRH:3
end_of_record
TN:
SF:/Users/MikeBrits/Dev/PurpleInterview/src/functions.js
FN:3,(anonymous_0)
FN:9,(anonymous_1)
FN:24,(anonymous_2)
FN:50,(anonymous_3)
FN:53,(anonymous_4)
FN:58,(anonymous_5)
FN:60,(anonymous_6)
FN:73,(anonymous_7)
FNF:8
FNH:8
FNDA:1,(anonymous_0)
FNDA:6,(anonymous_1)
FNDA:23,(anonymous_2)
FNDA:60,(anonymous_3)
FNDA:144,(anonymous_4)
FNDA:7,(anonymous_5)
FNDA:25,(anonymous_6)
FNDA:82,(anonymous_7)
DA:3,4
DA:4,1
DA:5,1
DA:6,1
DA:9,4
DA:10,6
DA:13,6
DA:21,6
DA:24,6
DA:28,23
DA:30,23
DA:31,12
DA:33,11
DA:39,23
DA:40,23
DA:47,6
DA:50,4
DA:52,60
DA:53,144
DA:58,4
DA:60,7
DA:62,25
DA:67,25
DA:70,7
DA:73,82
LF:25
LH:25
BRDA:28,0,0,9
BRDA:28,0,1,14
BRDA:30,1,0,12
BRDA:30,1,1,11
BRDA:39,2,0,23
BRDA:39,2,1,10
BRDA:40,3,0,23
BRDA:40,3,1,13
BRDA:73,4,0,64
BRF:9
BRH:9
end_of_record
